#-----------------------------------------------------------
# PlanAhead v14.2 (64-bit)
# Build 194362 by xbuild on Fri Jul 20 18:49:25 MDT 2012
# Start of session at: Sun Aug  5 16:52:35 2012
# Process ID: 3778
# Log file: /home/j/btcser/planAhead.log
# Journal file: /home/j/btcser/planAhead.jou
#-----------------------------------------------------------
INFO: [Common 17-78] Attempting to get a license: PlanAhead
INFO: [Common 17-290] Got license for PlanAhead
INFO: [Device 21-36] Loading parts and site information from /opt/Xilinx/14.2/ISE_DS/PlanAhead/data/parts/arch.xml
Parsing RTL primitives file [/opt/Xilinx/14.2/ISE_DS/PlanAhead/data/parts/xilinx/rtl/prims/rtl_prims.xml]
Finished parsing RTL primitives file [/opt/Xilinx/14.2/ISE_DS/PlanAhead/data/parts/xilinx/rtl/prims/rtl_prims.xml]
start_gui
open_project sha_top.ppr
Scanning sources...
Finished scanning sources
Parsing template File [/opt/Xilinx/14.2/ISE_DS/ISE/data/projnav/templates/verilog.xml].
Finished parsing template File [/opt/Xilinx/14.2/ISE_DS/ISE/data/projnav/templates/verilog.xml].
Parsing template File [/opt/Xilinx/14.2/ISE_DS/ISE/data/projnav/templates/vhdl.xml].
Finished parsing template File [/opt/Xilinx/14.2/ISE_DS/ISE/data/projnav/templates/vhdl.xml].
Parsing template File [/opt/Xilinx/14.2/ISE_DS/ISE/data/projnav/templates/ucf.xml].
Finished parsing template File [/opt/Xilinx/14.2/ISE_DS/ISE/data/projnav/templates/ucf.xml].
open_run impl_1
WARNING: [Runs 36-14] Routed ncd file was modified by user - /home/j/btcser/sha_top.runs/impl_1/sha_top_routed.ncd.
Parsing EDIF File [./sha_top.runs/impl_1/sha_top.edf]
Finished Parsing EDIF File [./sha_top.runs/impl_1/sha_top.edf]
INFO: [Netlist 29-17] Analyzing 733 Unisim elements for replacement
INFO: [Netlist 29-28] Unisim Transformation completed in 2 CPU seconds
Loading clock regions from /opt/Xilinx/14.2/ISE_DS/PlanAhead/data/parts/xilinx/spartan6/spartan6lx/xc6slx150/ClockRegion.xml
Loading clock buffers from /opt/Xilinx/14.2/ISE_DS/PlanAhead/data/parts/xilinx/spartan6/spartan6lx/xc6slx150/ClockBuffers.xml
Loading package pin functions from /opt/Xilinx/14.2/ISE_DS/PlanAhead/data/parts/xilinx/spartan6/PinFunctions.xml...
Loading package from /opt/Xilinx/14.2/ISE_DS/PlanAhead/data/parts/xilinx/spartan6/spartan6lx/xc6slx150/fgg484/Package.xml
Loading io standards from /opt/Xilinx/14.2/ISE_DS/PlanAhead/data/./parts/xilinx/spartan6/IOStandards.xml
Loading device configuration modes from /opt/Xilinx/14.2/ISE_DS/PlanAhead/data/parts/xilinx/spartan6/ConfigModes.xml
Loading list of drcs for the architecture : /opt/Xilinx/14.2/ISE_DS/PlanAhead/data/./parts/xilinx/spartan6/drc.xml
CRITICAL WARNING: [Constraints 18-5] Cannot loc instance 'RNDS/GK[79].GK.KR/REXP0/BG[23].G1FD6.CSA2L6' at site SLICE_X127Y89, Element SLICE_X127Y89.A6LUT is not routable as there are 6 input pins and A6 cannot be used because of LUT5 usage. [/home/j/btcser/sha_top.runs/impl_1/sha_top.edf:16656]
CRITICAL WARNING: [Constraints 18-5] Cannot loc instance 'RNDS/GK[79].GK.KR/REXP0/BGN.BGB[28].GC4.C4' at site SLICE_X126Y91, Element SLICE_X126Y85.AFFMUX is not routable [/home/j/btcser/sha_top.runs/impl_1/sha_top.edf:16845]
CRITICAL WARNING: [Constraints 18-5] Cannot loc instance 'RNDS/GK[79].GK.KR/REXP0/BGN.BGB[20].ADDL5' at site SLICE_X126Y89, Conflicting nets for physical connection driven by SLICE_X126Y89.A5LUT.O5: RNDS/GK[79].GK.KR/REXP0/BGN.BGB[20].addl5o RNDS/GK[79].GK.KR/REXP0/BGN.BGB[23].addl5o [/home/j/btcser/sha_top.runs/impl_1/sha_top.edf:17243]
CRITICAL WARNING: [Constraints 18-5] Cannot loc instance 'RNDS/GK[79].GK.KR/REXP0/BGN.BGB[24].GC4.C4' at site SLICE_X126Y90, Element SLICE_X126Y84.AFFMUX is not routable [/home/j/btcser/sha_top.runs/impl_1/sha_top.edf:17270]
CRITICAL WARNING: [Constraints 18-5] Cannot loc instance 'RNDS/GK[79].GK.KR/REXP0/BG[21].G1FD6.CSA1L6' at site SLICE_X125Y89, Element SLICE_X125Y89.C6LUT is not routable as there are 6 input pins and A6 cannot be used because of LUT5 usage. [/home/j/btcser/sha_top.runs/impl_1/sha_top.edf:17321]
CRITICAL WARNING: [Constraints 18-5] Cannot loc instance 'RNDS/GK[79].GK.KR/REXP0/BG[7].CSA1L5' at site SLICE_X125Y85, Conflicting nets for physical connection driven by SLICE_X125Y85.A5LUT.O5: RNDS/GK[79].GK.KR/REXP0/BG[7].csa1sa RNDS/GK[79].GK.KR/REXP0/BG[5].csa1sa [/home/j/btcser/sha_top.runs/impl_1/sha_top.edf:17581]
CRITICAL WARNING: [Constraints 18-5] Cannot loc instance 'RNDS/GK[79].GK.KR/REXP0/BG[19].G1FD6.CSA1L6' at site SLICE_X125Y88, Element SLICE_X125Y88.A6LUT is not routable as there are 6 input pins and A6 cannot be used because of LUT5 usage. [/home/j/btcser/sha_top.runs/impl_1/sha_top.edf:17631]
CRITICAL WARNING: [Constraints 18-5] Cannot loc instance 'RNDS/GK[79].GK.KR/REXP0/BGN.BGB[16].GC4.C4' at site SLICE_X126Y88, Element SLICE_X126Y84.AFFMUX is not routable [/home/j/btcser/sha_top.runs/impl_1/sha_top.edf:17655]
CRITICAL WARNING: [Constraints 18-5] Cannot loc instance 'RNDS/GK[79].GK.KR/REXP0/BG[7].CSA2L5' at site SLICE_X127Y85, Conflicting nets for physical connection driven by SLICE_X127Y85.A5LUT.O5: RNDS/GK[79].GK.KR/REXP0/BG[7].csa2sa RNDS/GK[79].GK.KR/REXP0/BG[6].csa2sa [/home/j/btcser/sha_top.runs/impl_1/sha_top.edf:17692]
CRITICAL WARNING: [Constraints 18-5] Cannot loc instance 'RNDS/GK[79].GK.KR/REXP0/BG[6].CSA1L5' at site SLICE_X125Y85, Conflicting nets for physical connection driven by SLICE_X125Y85.B5LUT.O5: RNDS/GK[79].GK.KR/REXP0/BG[6].csa1sa RNDS/GK[79].GK.KR/REXP0/BG[7].G1FD6.csa1ca [/home/j/btcser/sha_top.runs/impl_1/sha_top.edf:17706]
CRITICAL WARNING: [Constraints 18-5] Cannot loc instance 'RNDS/GK[79].GK.KR/REXP0/BG[3].G1FD6.CSA1L6' at site SLICE_X125Y84, Element SLICE_X125Y84.A6LUT is not routable as there are 6 input pins and A6 cannot be used because of LUT5 usage. [/home/j/btcser/sha_top.runs/impl_1/sha_top.edf:17720]
CRITICAL WARNING: [Constraints 18-5] Cannot loc instance 'RNDS/GK[79].GK.KR/REXP0/BG[19].G1FD6.CSA2L6' at site SLICE_X127Y88, Element SLICE_X127Y88.A6LUT is not routable as there are 6 input pins and A6 cannot be used because of LUT5 usage. [/home/j/btcser/sha_top.runs/impl_1/sha_top.edf:17740]
CRITICAL WARNING: [Constraints 18-5] Cannot loc instance 'RNDS/GK[79].GK.KR/REXP0/BGN.BGB[20].GC4.C4' at site SLICE_X126Y89, Element SLICE_X126Y84.AFFMUX is not routable [/home/j/btcser/sha_top.runs/impl_1/sha_top.edf:17778]
CRITICAL WARNING: [Constraints 18-5] Cannot loc instance 'RNDS/GK[79].GK.KR/REXP0/BG[6].CSA2L5' at site SLICE_X127Y85, Conflicting nets for physical connection driven by SLICE_X127Y85.B5LUT.O5: RNDS/GK[79].GK.KR/REXP0/BG[6].csa2sa RNDS/GK[79].GK.KR/REXP0/BG[4].csa2sa [/home/j/btcser/sha_top.runs/impl_1/sha_top.edf:17826]
CRITICAL WARNING: [Constraints 18-5] Cannot loc instance 'RNDS/GK[79].GK.KR/REXP0/BG[3].G1FD6.CSA2L6' at site SLICE_X127Y84, Element SLICE_X127Y84.A6LUT is not routable as there are 6 input pins and A6 cannot be used because of LUT5 usage. [/home/j/btcser/sha_top.runs/impl_1/sha_top.edf:17848]
CRITICAL WARNING: [Constraints 18-5] Cannot loc instance 'RNDS/GK[79].GK.KR/REXP0/BG[14].GSRLW9FD0.SRLW9FD' at site SLICE_X124Y87, Element SLICE_X124Y87.DFFMUX is not routable [/home/j/btcser/sha_top.runs/impl_1/sha_top.edf:17923]
CRITICAL WARNING: [Constraints 18-5] Cannot loc instance 'RNDS/GK[79].GK.KR/REXP0/BG[27].G1FD6.CSA1L6' at site SLICE_X125Y90, Could not find a physical pin for the route-through net BG[27].csa1sa on A5LUT [/home/j/btcser/sha_top.runs/impl_1/sha_top.edf:17939]
CRITICAL WARNING: [Constraints 18-5] Cannot loc instance 'RNDS/GK[79].GK.KR/REXP0/BG[7].SRLW9' at site SLICE_X124Y85, Conflicting nets for SLICE_X124Y85.D5LUT.A4
Two net names are: GND and VCC [/home/j/btcser/sha_top.runs/impl_1/sha_top.edf:17951]
CRITICAL WARNING: [Constraints 18-5] Cannot loc instance 'RNDS/GK[79].GK.KR/REXP0/BGN.BGB[12].ADDL5' at site SLICE_X126Y87, Conflicting nets for physical connection driven by SLICE_X126Y87.A5LUT.O5: RNDS/GK[79].GK.KR/REXP0/BGN.BGB[12].addl5o RNDS/GK[79].GK.KR/REXP0/BGN.BGB[14].addl5o [/home/j/btcser/sha_top.runs/impl_1/sha_top.edf:18002]
CRITICAL WARNING: [Constraints 18-5] Cannot loc instance 'RNDS/GK[79].GK.KR/REXP0/BGN.BGB[9].ADDL5' at site SLICE_X126Y86, Conflicting nets for physical connection driven by SLICE_X126Y86.B5LUT.O5: RNDS/GK[79].GK.KR/REXP0/BGN.BGB[9].addl5o RNDS/GK[79].GK.KR/REXP0/sum[8] [/home/j/btcser/sha_top.runs/impl_1/sha_top.edf:18018]
CRITICAL WARNING: [Constraints 18-5] Cannot loc instance 'RNDS/GK[79].GK.KR/REXP0/BG[3].CSA1L5' at site SLICE_X125Y84, Conflicting nets for physical connection driven by SLICE_X125Y84.A5LUT.O5: RNDS/GK[79].GK.KR/REXP0/BG[3].csa1sa RNDS/GK[79].GK.KR/REXP0/BG[2].G1FD6.csa1ca [/home/j/btcser/sha_top.runs/impl_1/sha_top.edf:18059]
CRITICAL WARNING: [Constraints 18-5] Cannot loc instance 'RNDS/GK[79].GK.KR/REXP0/BG[27].G1FD6.CSA2L6' at site SLICE_X127Y90, Element SLICE_X127Y90.A6LUT is not routable as there are 6 input pins and A6 cannot be used because of LUT5 usage. [/home/j/btcser/sha_top.runs/impl_1/sha_top.edf:18067]
CRITICAL WARNING: [Constraints 18-5] Cannot loc instance 'RNDS/GK[79].GK.KR/REXP0/BG[6].G1FD6.CSA1L6' at site SLICE_X125Y85, Element SLICE_X125Y85.B6LUT is not routable as there are 6 input pins and A6 cannot be used because of LUT5 usage. [/home/j/btcser/sha_top.runs/impl_1/sha_top.edf:18075]
CRITICAL WARNING: [Constraints 18-5] Cannot loc instance 'RNDS/GK[79].GK.KR/REXP0/BG[2].SRLW9' at site SLICE_X124Y84, Element SLICE_X124Y84.BFFMUX is not routable [/home/j/btcser/sha_top.runs/impl_1/sha_top.edf:18111]
CRITICAL WARNING: [Constraints 18-5] Cannot loc instance 'RNDS/GK[79].GK.KR/REXP0/BGN.BGB[12].GC4.C4' at site SLICE_X126Y87, Element SLICE_X126Y84.AFFMUX is not routable [/home/j/btcser/sha_top.runs/impl_1/sha_top.edf:18137]
CRITICAL WARNING: [Constraints 18-5] Cannot loc instance 'RNDS/GK[79].GK.KR/REXP0/BGN.BGB[4].ADDL5' at site SLICE_X126Y85, Conflicting nets for physical connection driven by SLICE_X126Y85.A5LUT.O5: RNDS/GK[79].GK.KR/REXP0/BGN.BGB[4].addl5o RNDS/GK[79].GK.KR/REXP0/BGN.BGB[6].addl5o [/home/j/btcser/sha_top.runs/impl_1/sha_top.edf:18145]
CRITICAL WARNING: [Constraints 18-5] Cannot loc instance 'RNDS/GK[79].GK.KR/REXP0/BG[3].CSA2L5' at site SLICE_X127Y84, Conflicting nets for physical connection driven by SLICE_X127Y84.A5LUT.O5: RNDS/GK[79].GK.KR/REXP0/BG[3].csa2sa RNDS/GK[79].GK.KR/REXP0/BG[0].csa2sa [/home/j/btcser/sha_top.runs/impl_1/sha_top.edf:18191]
CRITICAL WARNING: [Constraints 18-5] Cannot loc instance 'RNDS/GK[79].GK.KR/REXP0/BG[6].G1FD6.CSA2L6' at site SLICE_X127Y85, Element SLICE_X127Y85.B6LUT is not routable as there are 6 input pins and A6 cannot be used because of LUT5 usage. [/home/j/btcser/sha_top.runs/impl_1/sha_top.edf:18199]
CRITICAL WARNING: [Constraints 18-5] Cannot loc instance 'RNDS/GK[79].GK.KR/REXP0/BG[29].SRLW9' at site SLICE_X124Y91, Conflicting nets for physical connection driven by SLICE_X124Y91.D5LUT.O5: RNDS/GK[79].GK.KR/REXP0/w9[29] RNDS/GK[79].GK.KR/REXP0/BG[28].w1_async [/home/j/btcser/sha_top.runs/impl_1/sha_top.edf:18219]
CRITICAL WARNING: [Constraints 18-5] Cannot loc instance 'RNDS/GK[79].GK.KR/REXP0/BG[19].SRLW1' at site SLICE_X124Y88, Conflicting nets for SLICE_X124Y88.D5LUT.A4
Two net names are: VCC and GND [/home/j/btcser/sha_top.runs/impl_1/sha_top.edf:18285]
CRITICAL WARNING: [Constraints 18-5] Cannot loc instance 'RNDS/GK[79].GK.KR/REXP0/BG[1].CSA1L5' at site SLICE_X125Y84, Conflicting nets for physical connection driven by SLICE_X125Y84.C5LUT.O5: RNDS/GK[79].GK.KR/REXP0/BG[1].csa1sa RNDS/GK[79].GK.KR/REXP0/BG[0].G1FD6.csa1ca [/home/j/btcser/sha_top.runs/impl_1/sha_top.edf:18306]
CRITICAL WARNING: [Constraints 18-5] Cannot loc instance 'RNDS/GK[79].GK.KR/REXP0/BG[24].SRLW9' at site SLICE_X124Y90, Conflicting nets for SLICE_X124Y90.B5LUT.A4
Two net names are: GND and VCC [/home/j/btcser/sha_top.runs/impl_1/sha_top.edf:18318]
CRITICAL WARNING: [Constraints 18-5] Cannot loc instance 'RNDS/GK[79].GK.KR/REXP0/BG[14].G1FD6.CSA1L6' at site SLICE_X125Y87, Element SLICE_X125Y87.B6LUT is not routable as there are 6 input pins and A6 cannot be used because of LUT5 usage. [/home/j/btcser/sha_top.runs/impl_1/sha_top.edf:18344]
CRITICAL WARNING: [Constraints 18-5] Cannot loc instance 'RNDS/GK[79].GK.KR/REXP0/BGN.BGB[29].ADDL5' at site SLICE_X126Y91, Conflicting nets for physical connection driven by SLICE_X126Y91.B5LUT.O5: RNDS/GK[79].GK.KR/REXP0/BGN.BGB[29].addl5o RNDS/GK[79].GK.KR/REXP0/sum[29] [/home/j/btcser/sha_top.runs/impl_1/sha_top.edf:18430]
CRITICAL WARNING: [Constraints 18-5] Cannot loc instance 'RNDS/GK[79].GK.KR/REXP0/BG[14].SRLW9' at site SLICE_X124Y87, Element SLICE_X124Y87.BFFMUX is not routable [/home/j/btcser/sha_top.runs/impl_1/sha_top.edf:18450]
CRITICAL WARNING: [Constraints 18-5] Cannot loc instance 'RNDS/GK[79].GK.KR/REXP0/BGN.BGB[8].GC4.C4' at site SLICE_X126Y86, Element SLICE_X126Y84.AFFMUX is not routable [/home/j/btcser/sha_top.runs/impl_1/sha_top.edf:18464]
CRITICAL WARNING: [Constraints 18-5] Cannot loc instance 'RNDS/GK[79].GK.KR/REXP0/BGN.BGB[24].ADDL5' at site SLICE_X126Y90, Conflicting nets for physical connection driven by SLICE_X126Y90.A5LUT.O5: RNDS/GK[79].GK.KR/REXP0/BGN.BGB[24].addl5o RNDS/GK[79].GK.KR/REXP0/sum[27] [/home/j/btcser/sha_top.runs/impl_1/sha_top.edf:18523]
CRITICAL WARNING: [Constraints 18-5] Cannot loc instance 'RNDS/GK[79].GK.KR/REXP0/BG[17].G1FD6.CSA1L6' at site SLICE_X125Y88, Element SLICE_X125Y88.C6LUT is not routable as there are 6 input pins and A6 cannot be used because of LUT5 usage. [/home/j/btcser/sha_top.runs/impl_1/sha_top.edf:18569]
CRITICAL WARNING: [Constraints 18-5] Cannot loc instance 'RNDS/GK[79].GK.KR/REXP0/BG[22].G1FD6.CSA1L6' at site SLICE_X125Y89, Could not find a physical pin for the route-through net BG[22].csa1sa on B5LUT [/home/j/btcser/sha_top.runs/impl_1/sha_top.edf:18577]
CRITICAL WARNING: [Constraints 18-5] Cannot loc instance 'RNDS/GK[79].GK.KR/REXP0/BGN.BGB[15].GFDN.ADDFD' at site SLICE_X126Y87, Conflicting nets for physical connection driven by SLICE_X126Y87.D5LUT.O5: RNDS/GK[79].GK.KR/REXP0/BGN.BGB[15].addl5o RNDS/GK[79].GK.KR/REXP0/sum[15] [/home/j/btcser/sha_top.runs/impl_1/sha_top.edf:18581]
CRITICAL WARNING: [Constraints 18-5] Cannot loc instance 'RNDS/GK[79].GK.KR/REXP0/BG[9].SRLW1' at site SLICE_X124Y86, Element SLICE_X124Y86.DFFMUX is not routable [/home/j/btcser/sha_top.runs/impl_1/sha_top.edf:18595]
CRITICAL WARNING: [Constraints 18-5] Cannot loc instance 'RNDS/GK[79].GK.KR/REXP0/BG[9].SRLW9' at site SLICE_X124Y86, Element SLICE_X124Y86.DFFMUX is not routable [/home/j/btcser/sha_top.runs/impl_1/sha_top.edf:18619]
CRITICAL WARNING: [Constraints 18-5] Cannot loc instance 'RNDS/GK[79].GK.KR/REXP0/BGN.BGB[14].ADDL5' at site SLICE_X126Y87, Conflicting nets for physical connection driven by SLICE_X126Y87.C5LUT.O5: RNDS/GK[79].GK.KR/REXP0/BGN.BGB[14].addl5o RNDS/GK[79].GK.KR/REXP0/BGN.BGB[12].addl5o [/home/j/btcser/sha_top.runs/impl_1/sha_top.edf:18651]
CRITICAL WARNING: [Constraints 18-5] Cannot loc instance 'RNDS/GK[79].GK.KR/REXP0/BG[24].CSA1FD5' at site SLICE_X125Y90, Could not find a physical pin for the route-through net BG[24].csa1sa on D5LUT [/home/j/btcser/sha_top.runs/impl_1/sha_top.edf:18665]
CRITICAL WARNING: [Constraints 18-5] Cannot loc instance 'RNDS/GK[79].GK.KR/REXP0/BG[22].G1FD6.CSA2L6' at site SLICE_X127Y89, Element SLICE_X127Y89.B6LUT is not routable as there are 6 input pins and A6 cannot be used because of LUT5 usage. [/home/j/btcser/sha_top.runs/impl_1/sha_top.edf:18708]
CRITICAL WARNING: [Constraints 18-5] Cannot loc instance 'RNDS/GK[79].GK.KR/REXP0/BG[31].CSA1L5' at site SLICE_X125Y91, Conflicting nets for physical connection driven by SLICE_X125Y91.A5LUT.O5: RNDS/GK[79].GK.KR/REXP0/BG[31].csa1sa RNDS/GK[79].GK.KR/REXP0/BG[28].G1FD6.csa1ca [/home/j/btcser/sha_top.runs/impl_1/sha_top.edf:18715]
CRITICAL WARNING: [Constraints 18-5] Cannot loc instance 'RNDS/GK[79].GK.KR/REXP0/BG[1].G1FD6.CSA1L6' at site SLICE_X125Y84, Element SLICE_X125Y84.C6LUT is not routable as there are 6 input pins and A6 cannot be used because of LUT5 usage. [/home/j/btcser/sha_top.runs/impl_1/sha_top.edf:18723]
CRITICAL WARNING: [Constraints 18-5] Cannot loc instance 'RNDS/GK[79].GK.KR/REXP0/BG[4].SRLW1' at site SLICE_X124Y85, Element SLICE_X124Y85.DFFMUX is not routable [/home/j/btcser/sha_top.runs/impl_1/sha_top.edf:18741]
CRITICAL WARNING: [Constraints 18-5] Cannot loc instance 'RNDS/GK[79].GK.KR/REXP0/BG[4].SRLW1FD' at site SLICE_X124Y85, Element SLICE_X124Y85.D5LUT can not be used as a route-through for net RNDS/GK[79].GK.KR/REXP0/BG[4].w1_async because a RAM or shift register is placed there [/home/j/btcser/sha_top.runs/impl_1/sha_top.edf:18758]
WARNING: [Common 17-14] Message 'Constraints 18-5' appears 50 times and further instances of the messages will be disabled. Use the Tcl command set_msg_limit to change the current settings.
CRITICAL WARNING: [Constraints 18-5] Cannot loc instance 'RNDS/GK[79].GK.KR/REXP0/BG[16].SRLW1FD' at site SLICE_X124Y88, Element SLICE_X124Y88.DFFMUX is not routable [/home/j/btcser/sha_top.runs/impl_1/sha_top.edf:18764]
Parsing UCF File [/home/j/btcser/sha_top.runs/impl_1/.constrs/sha_top.ucf]
CRITICAL WARNING: [Constraints 18-11] Could not find cell 'RNDS/LKC_Mram_PC_ncnt[6]_PWR_10_o_wide_mux_0_OUT311' [/home/j/btcser/sha_top.runs/impl_1/.constrs/sha_top.ucf:54]
CRITICAL WARNING: [Constraints 18-11] Could not find cell 'RNDS/LKC_Mram_PC_ncnt[6]_PWR_10_o_wide_mux_0_OUT301' [/home/j/btcser/sha_top.runs/impl_1/.constrs/sha_top.ucf:55]
CRITICAL WARNING: [Constraints 18-11] Could not find cell 'RNDS/LKC_Mram_PC_ncnt[6]_PWR_10_o_wide_mux_0_OUT291' [/home/j/btcser/sha_top.runs/impl_1/.constrs/sha_top.ucf:56]
CRITICAL WARNING: [Constraints 18-11] Could not find cell 'RNDS/LKC_Mram_PC_ncnt[6]_PWR_10_o_wide_mux_0_OUT281' [/home/j/btcser/sha_top.runs/impl_1/.constrs/sha_top.ucf:57]
CRITICAL WARNING: [Constraints 18-11] Could not find cell 'RNDS/LKC_Mram_PC_ncnt[6]_PWR_10_o_wide_mux_0_OUT271' [/home/j/btcser/sha_top.runs/impl_1/.constrs/sha_top.ucf:58]
CRITICAL WARNING: [Constraints 18-11] Could not find cell 'RNDS/LKC_Mram_PC_ncnt[6]_PWR_10_o_wide_mux_0_OUT261' [/home/j/btcser/sha_top.runs/impl_1/.constrs/sha_top.ucf:59]
CRITICAL WARNING: [Constraints 18-11] Could not find cell 'RNDS/LKC_Mram_PC_ncnt[6]_PWR_10_o_wide_mux_0_OUT251' [/home/j/btcser/sha_top.runs/impl_1/.constrs/sha_top.ucf:60]
CRITICAL WARNING: [Constraints 18-11] Could not find cell 'RNDS/LKC_Mram_PC_ncnt[6]_PWR_10_o_wide_mux_0_OUT241' [/home/j/btcser/sha_top.runs/impl_1/.constrs/sha_top.ucf:61]
CRITICAL WARNING: [Constraints 18-11] Could not find cell 'RNDS/LKC_Mram_PC_ncnt[6]_PWR_10_o_wide_mux_0_OUT201' [/home/j/btcser/sha_top.runs/impl_1/.constrs/sha_top.ucf:62]
CRITICAL WARNING: [Constraints 18-11] Could not find cell 'RNDS/LKC_Mram_PC_ncnt[6]_PWR_10_o_wide_mux_0_OUT231' [/home/j/btcser/sha_top.runs/impl_1/.constrs/sha_top.ucf:63]
CRITICAL WARNING: [Constraints 18-11] Could not find cell 'RNDS/LKC_Mram_PC_ncnt[6]_PWR_10_o_wide_mux_0_OUT221' [/home/j/btcser/sha_top.runs/impl_1/.constrs/sha_top.ucf:64]
CRITICAL WARNING: [Constraints 18-11] Could not find cell 'RNDS/LKC_Mram_PC_ncnt[6]_PWR_10_o_wide_mux_0_OUT211' [/home/j/btcser/sha_top.runs/impl_1/.constrs/sha_top.ucf:65]
CRITICAL WARNING: [Constraints 18-11] Could not find cell 'RNDS/LKC_Mram_PC_ncnt[6]_PWR_10_o_wide_mux_0_OUT191' [/home/j/btcser/sha_top.runs/impl_1/.constrs/sha_top.ucf:66]
CRITICAL WARNING: [Constraints 18-11] Could not find cell 'RNDS/LKC_Mram_PC_ncnt[6]_PWR_10_o_wide_mux_0_OUT181' [/home/j/btcser/sha_top.runs/impl_1/.constrs/sha_top.ucf:67]
CRITICAL WARNING: [Constraints 18-11] Could not find cell 'RNDS/LKC_Mram_PC_ncnt[6]_PWR_10_o_wide_mux_0_OUT171' [/home/j/btcser/sha_top.runs/impl_1/.constrs/sha_top.ucf:68]
CRITICAL WARNING: [Constraints 18-11] Could not find cell 'RNDS/LKC_Mram_PC_ncnt[6]_PWR_10_o_wide_mux_0_OUT161' [/home/j/btcser/sha_top.runs/impl_1/.constrs/sha_top.ucf:69]
CRITICAL WARNING: [Constraints 18-11] Could not find cell 'RNDS/LKC_Mram_PC_ncnt[6]_PWR_10_o_wide_mux_0_OUT151' [/home/j/btcser/sha_top.runs/impl_1/.constrs/sha_top.ucf:70]
CRITICAL WARNING: [Constraints 18-11] Could not find cell 'RNDS/LKC_Mram_PC_ncnt[6]_PWR_10_o_wide_mux_0_OUT141' [/home/j/btcser/sha_top.runs/impl_1/.constrs/sha_top.ucf:71]
CRITICAL WARNING: [Constraints 18-11] Could not find cell 'RNDS/LKC_Mram_PC_ncnt[6]_PWR_10_o_wide_mux_0_OUT131' [/home/j/btcser/sha_top.runs/impl_1/.constrs/sha_top.ucf:72]
CRITICAL WARNING: [Constraints 18-11] Could not find cell 'RNDS/LKC_Mram_PC_ncnt[6]_PWR_10_o_wide_mux_0_OUT121' [/home/j/btcser/sha_top.runs/impl_1/.constrs/sha_top.ucf:73]
CRITICAL WARNING: [Constraints 18-11] Could not find cell 'RNDS/LKC_Mram_PC_ncnt[6]_PWR_10_o_wide_mux_0_OUT1111' [/home/j/btcser/sha_top.runs/impl_1/.constrs/sha_top.ucf:74]
CRITICAL WARNING: [Constraints 18-11] Could not find cell 'RNDS/LKC_Mram_PC_ncnt[6]_PWR_10_o_wide_mux_0_OUT101' [/home/j/btcser/sha_top.runs/impl_1/.constrs/sha_top.ucf:75]
CRITICAL WARNING: [Constraints 18-11] Could not find cell 'RNDS/LKC_Mram_PC_ncnt[6]_PWR_10_o_wide_mux_0_OUT91' [/home/j/btcser/sha_top.runs/impl_1/.constrs/sha_top.ucf:76]
CRITICAL WARNING: [Constraints 18-11] Could not find cell 'RNDS/LKC_Mram_PC_ncnt[6]_PWR_10_o_wide_mux_0_OUT81' [/home/j/btcser/sha_top.runs/impl_1/.constrs/sha_top.ucf:77]
CRITICAL WARNING: [Constraints 18-11] Could not find cell 'RNDS/LKC_Mram_PC_ncnt[6]_PWR_10_o_wide_mux_0_OUT71' [/home/j/btcser/sha_top.runs/impl_1/.constrs/sha_top.ucf:78]
CRITICAL WARNING: [Constraints 18-11] Could not find cell 'RNDS/LKC_Mram_PC_ncnt[6]_PWR_10_o_wide_mux_0_OUT61' [/home/j/btcser/sha_top.runs/impl_1/.constrs/sha_top.ucf:79]
CRITICAL WARNING: [Constraints 18-11] Could not find cell 'RNDS/LKC_Mram_PC_ncnt[6]_PWR_10_o_wide_mux_0_OUT51' [/home/j/btcser/sha_top.runs/impl_1/.constrs/sha_top.ucf:80]
CRITICAL WARNING: [Constraints 18-11] Could not find cell 'RNDS/LKC_Mram_PC_ncnt[6]_PWR_10_o_wide_mux_0_OUT41' [/home/j/btcser/sha_top.runs/impl_1/.constrs/sha_top.ucf:81]
CRITICAL WARNING: [Constraints 18-11] Could not find cell 'RNDS/LKC_Mram_PC_ncnt[6]_PWR_10_o_wide_mux_0_OUT32' [/home/j/btcser/sha_top.runs/impl_1/.constrs/sha_top.ucf:82]
CRITICAL WARNING: [Constraints 18-11] Could not find cell 'RNDS/LKC_Mram_PC_ncnt[6]_PWR_10_o_wide_mux_0_OUT210' [/home/j/btcser/sha_top.runs/impl_1/.constrs/sha_top.ucf:83]
CRITICAL WARNING: [Constraints 18-11] Could not find cell 'RNDS/LKC_Mram_PC_ncnt[6]_PWR_10_o_wide_mux_0_OUT112' [/home/j/btcser/sha_top.runs/impl_1/.constrs/sha_top.ucf:84]
CRITICAL WARNING: [Constraints 18-11] Could not find cell 'RNDS/LKC_Mram_PC_ncnt[6]_PWR_10_o_wide_mux_0_OUT110' [/home/j/btcser/sha_top.runs/impl_1/.constrs/sha_top.ucf:85]
CRITICAL WARNING: [Constraints 18-11] Could not find cell 'RNDS/RKC_Mram_PC_ncnt[6]_PWR_10_o_wide_mux_0_OUT311' [/home/j/btcser/sha_top.runs/impl_1/.constrs/sha_top.ucf:278]
CRITICAL WARNING: [Constraints 18-11] Could not find cell 'RNDS/RKC_Mram_PC_ncnt[6]_PWR_10_o_wide_mux_0_OUT301' [/home/j/btcser/sha_top.runs/impl_1/.constrs/sha_top.ucf:279]
CRITICAL WARNING: [Constraints 18-11] Could not find cell 'RNDS/RKC_Mram_PC_ncnt[6]_PWR_10_o_wide_mux_0_OUT291' [/home/j/btcser/sha_top.runs/impl_1/.constrs/sha_top.ucf:280]
CRITICAL WARNING: [Constraints 18-11] Could not find cell 'RNDS/RKC_Mram_PC_ncnt[6]_PWR_10_o_wide_mux_0_OUT281' [/home/j/btcser/sha_top.runs/impl_1/.constrs/sha_top.ucf:281]
CRITICAL WARNING: [Constraints 18-11] Could not find cell 'RNDS/RKC_Mram_PC_ncnt[6]_PWR_10_o_wide_mux_0_OUT271' [/home/j/btcser/sha_top.runs/impl_1/.constrs/sha_top.ucf:282]
CRITICAL WARNING: [Constraints 18-11] Could not find cell 'RNDS/RKC_Mram_PC_ncnt[6]_PWR_10_o_wide_mux_0_OUT261' [/home/j/btcser/sha_top.runs/impl_1/.constrs/sha_top.ucf:283]
CRITICAL WARNING: [Constraints 18-11] Could not find cell 'RNDS/RKC_Mram_PC_ncnt[6]_PWR_10_o_wide_mux_0_OUT251' [/home/j/btcser/sha_top.runs/impl_1/.constrs/sha_top.ucf:284]
CRITICAL WARNING: [Constraints 18-11] Could not find cell 'RNDS/RKC_Mram_PC_ncnt[6]_PWR_10_o_wide_mux_0_OUT241' [/home/j/btcser/sha_top.runs/impl_1/.constrs/sha_top.ucf:285]
CRITICAL WARNING: [Constraints 18-11] Could not find cell 'RNDS/RKC_Mram_PC_ncnt[6]_PWR_10_o_wide_mux_0_OUT231' [/home/j/btcser/sha_top.runs/impl_1/.constrs/sha_top.ucf:286]
CRITICAL WARNING: [Constraints 18-11] Could not find cell 'RNDS/RKC_Mram_PC_ncnt[6]_PWR_10_o_wide_mux_0_OUT191' [/home/j/btcser/sha_top.runs/impl_1/.constrs/sha_top.ucf:287]
CRITICAL WARNING: [Constraints 18-11] Could not find cell 'RNDS/RKC_Mram_PC_ncnt[6]_PWR_10_o_wide_mux_0_OUT221' [/home/j/btcser/sha_top.runs/impl_1/.constrs/sha_top.ucf:288]
CRITICAL WARNING: [Constraints 18-11] Could not find cell 'RNDS/RKC_Mram_PC_ncnt[6]_PWR_10_o_wide_mux_0_OUT211' [/home/j/btcser/sha_top.runs/impl_1/.constrs/sha_top.ucf:289]
CRITICAL WARNING: [Constraints 18-11] Could not find cell 'RNDS/RKC_Mram_PC_ncnt[6]_PWR_10_o_wide_mux_0_OUT201' [/home/j/btcser/sha_top.runs/impl_1/.constrs/sha_top.ucf:290]
CRITICAL WARNING: [Constraints 18-11] Could not find cell 'RNDS/RKC_Mram_PC_ncnt[6]_PWR_10_o_wide_mux_0_OUT181' [/home/j/btcser/sha_top.runs/impl_1/.constrs/sha_top.ucf:291]
CRITICAL WARNING: [Constraints 18-11] Could not find cell 'RNDS/RKC_Mram_PC_ncnt[6]_PWR_10_o_wide_mux_0_OUT171' [/home/j/btcser/sha_top.runs/impl_1/.constrs/sha_top.ucf:292]
CRITICAL WARNING: [Constraints 18-11] Could not find cell 'RNDS/RKC_Mram_PC_ncnt[6]_PWR_10_o_wide_mux_0_OUT161' [/home/j/btcser/sha_top.runs/impl_1/.constrs/sha_top.ucf:293]
CRITICAL WARNING: [Constraints 18-11] Could not find cell 'RNDS/RKC_Mram_PC_ncnt[6]_PWR_10_o_wide_mux_0_OUT151' [/home/j/btcser/sha_top.runs/impl_1/.constrs/sha_top.ucf:294]
WARNING: [Common 17-14] Message 'Constraints 18-11' appears 50 times and further instances of the messages will be disabled. Use the Tcl command set_msg_limit to change the current settings.
CRITICAL WARNING: [Constraints 18-11] Could not find cell 'RNDS/RKC_Mram_PC_ncnt[6]_PWR_10_o_wide_mux_0_OUT141' [/home/j/btcser/sha_top.runs/impl_1/.constrs/sha_top.ucf:295]
Finished Parsing UCF File [/home/j/btcser/sha_top.runs/impl_1/.constrs/sha_top.ucf]
INFO: [Designutils 20-20] Invalid constraints found, use command 'write_ucf -constraints invalid <file>' to save all the invalid constraints to a file
INFO: [Designutils 20-669] Parsing Placement File : /home/j/btcser/sha_top.runs/impl_1/sha_top_routed.xdl
ERROR: [Designutils 20-662] Internal error: 'Cannot place carry chain instance RNDS/GK[0].GK.KR/MATCH/GCMP[3].MUX at (SLICE_X30Y5): Deleting constraints for instance RNDS/GK[0].GK.KR/MATCH/GCMP[3].MUX from netlist file /home/j/btcser/sha_top.runs/impl_1/sha_top.edf is not allowed. Please remove the constraints from netlist file directly.'
ERROR: [Designutils 20-662] Internal error: 'Cannot place carry chain instance RNDS/GK[0].GK.KR/MATCH/GCMP[7].MUX at (SLICE_X30Y6): Deleting constraints for instance RNDS/GK[0].GK.KR/MATCH/GCMP[7].MUX from netlist file /home/j/btcser/sha_top.runs/impl_1/sha_top.edf is not allowed. Please remove the constraints from netlist file directly.'
ERROR: [Designutils 20-662] Internal error: 'Cannot place carry chain instance RNDS/GK[81].GK.KR/MATCH/GCMP[3].MUX at (SLICE_X100Y101): Deleting constraints for instance RNDS/GK[81].GK.KR/MATCH/GCMP[3].MUX from netlist file /home/j/btcser/sha_top.runs/impl_1/sha_top.edf is not allowed. Please remove the constraints from netlist file directly.'
ERROR: [Designutils 20-662] Internal error: 'Cannot place carry chain instance RNDS/GK[82].GK.KR/MATCH/GCMP[7].MUX at (SLICE_X100Y110): Deleting constraints for instance RNDS/GK[82].GK.KR/MATCH/GCMP[7].MUX from netlist file /home/j/btcser/sha_top.runs/impl_1/sha_top.edf is not allowed. Please remove the constraints from netlist file directly.'
ERROR: [Designutils 20-662] Internal error: 'Cannot place carry chain instance RNDS/GK[81].GK.KR/MATCH/GCMP[7].MUX at (SLICE_X100Y102): Deleting constraints for instance RNDS/GK[81].GK.KR/MATCH/GCMP[7].MUX from netlist file /home/j/btcser/sha_top.runs/impl_1/sha_top.edf is not allowed. Please remove the constraints from netlist file directly.'
ERROR: [Designutils 20-662] Internal error: 'Cannot place carry chain instance RNDS/GK[84].GK.KR/MATCH/GCMP[3].MUX at (SLICE_X100Y125): Deleting constraints for instance RNDS/GK[84].GK.KR/MATCH/GCMP[3].MUX from netlist file /home/j/btcser/sha_top.runs/impl_1/sha_top.edf is not allowed. Please remove the constraints from netlist file directly.'
ERROR: [Designutils 20-662] Internal error: 'Cannot place carry chain instance RNDS/GK[83].GK.KR/MATCH/GCMP[3].MUX at (SLICE_X100Y117): Deleting constraints for instance RNDS/GK[83].GK.KR/MATCH/GCMP[3].MUX from netlist file /home/j/btcser/sha_top.runs/impl_1/sha_top.edf is not allowed. Please remove the constraints from netlist file directly.'
ERROR: [Designutils 20-662] Internal error: 'Cannot place carry chain instance RNDS/GK[82].GK.KR/MATCH/GCMP[3].MUX at (SLICE_X100Y109): Deleting constraints for instance RNDS/GK[82].GK.KR/MATCH/GCMP[3].MUX from netlist file /home/j/btcser/sha_top.runs/impl_1/sha_top.edf is not allowed. Please remove the constraints from netlist file directly.'
ERROR: [Designutils 20-662] Internal error: 'Cannot place carry chain instance RNDS/GK[86].GK.KR/MATCH/GCMP[3].MUX at (SLICE_X100Y141): Deleting constraints for instance RNDS/GK[86].GK.KR/MATCH/GCMP[3].MUX from netlist file /home/j/btcser/sha_top.runs/impl_1/sha_top.edf is not allowed. Please remove the constraints from netlist file directly.'
ERROR: [Designutils 20-662] Internal error: 'Cannot place carry chain instance RNDS/GK[85].GK.KR/MATCH/GCMP[3].MUX at (SLICE_X100Y133): Deleting constraints for instance RNDS/GK[85].GK.KR/MATCH/GCMP[3].MUX from netlist file /home/j/btcser/sha_top.runs/impl_1/sha_top.edf is not allowed. Please remove the constraints from netlist file directly.'
ERROR: [Designutils 20-662] Internal error: 'Cannot place carry chain instance RNDS/GK[83].GK.KR/MATCH/GCMP[7].MUX at (SLICE_X100Y118): Deleting constraints for instance RNDS/GK[83].GK.KR/MATCH/GCMP[7].MUX from netlist file /home/j/btcser/sha_top.runs/impl_1/sha_top.edf is not allowed. Please remove the constraints from netlist file directly.'
ERROR: [Designutils 20-662] Internal error: 'Cannot place carry chain instance RNDS/GK[87].GK.KR/MATCH/GCMP[7].MUX at (SLICE_X100Y150): Deleting constraints for instance RNDS/GK[87].GK.KR/MATCH/GCMP[7].MUX from netlist file /home/j/btcser/sha_top.runs/impl_1/sha_top.edf is not allowed. Please remove the constraints from netlist file directly.'
ERROR: [Designutils 20-662] Internal error: 'Cannot place carry chain instance RNDS/GK[86].GK.KR/MATCH/GCMP[7].MUX at (SLICE_X100Y142): Deleting constraints for instance RNDS/GK[86].GK.KR/MATCH/GCMP[7].MUX from netlist file /home/j/btcser/sha_top.runs/impl_1/sha_top.edf is not allowed. Please remove the constraints from netlist file directly.'
ERROR: [Designutils 20-662] Internal error: 'Cannot place carry chain instance RNDS/GK[85].GK.KR/MATCH/GCMP[7].MUX at (SLICE_X100Y134): Deleting constraints for instance RNDS/GK[85].GK.KR/MATCH/GCMP[7].MUX from netlist file /home/j/btcser/sha_top.runs/impl_1/sha_top.edf is not allowed. Please remove the constraints from netlist file directly.'
ERROR: [Designutils 20-662] Internal error: 'Cannot place carry chain instance RNDS/GK[84].GK.KR/MATCH/GCMP[7].MUX at (SLICE_X100Y126): Deleting constraints for instance RNDS/GK[84].GK.KR/MATCH/GCMP[7].MUX from netlist file /home/j/btcser/sha_top.runs/impl_1/sha_top.edf is not allowed. Please remove the constraints from netlist file directly.'
ERROR: [Designutils 20-662] Internal error: 'Cannot place carry chain instance RNDS/GK[87].GK.KR/MATCH/GCMP[3].MUX at (SLICE_X100Y149): Deleting constraints for instance RNDS/GK[87].GK.KR/MATCH/GCMP[3].MUX from netlist file /home/j/btcser/sha_top.runs/impl_1/sha_top.edf is not allowed. Please remove the constraints from netlist file directly.'
ERROR: [Designutils 20-662] Internal error: 'Cannot place carry chain instance RNDS/GK[91].GK.KR/MATCH/GCMP[3].MUX at (SLICE_X100Y181): Deleting constraints for instance RNDS/GK[91].GK.KR/MATCH/GCMP[3].MUX from netlist file /home/j/btcser/sha_top.runs/impl_1/sha_top.edf is not allowed. Please remove the constraints from netlist file directly.'
ERROR: [Designutils 20-662] Internal error: 'Cannot place carry chain instance RNDS/GK[90].GK.KR/MATCH/GCMP[3].MUX at (SLICE_X100Y173): Deleting constraints for instance RNDS/GK[90].GK.KR/MATCH/GCMP[3].MUX from netlist file /home/j/btcser/sha_top.runs/impl_1/sha_top.edf is not allowed. Please remove the constraints from netlist file directly.'
ERROR: [Designutils 20-662] Internal error: 'Cannot place carry chain instance RNDS/GK[89].GK.KR/MATCH/GCMP[3].MUX at (SLICE_X100Y165): Deleting constraints for instance RNDS/GK[89].GK.KR/MATCH/GCMP[3].MUX from netlist file /home/j/btcser/sha_top.runs/impl_1/sha_top.edf is not allowed. Please remove the constraints from netlist file directly.'
ERROR: [Designutils 20-662] Internal error: 'Cannot place carry chain instance RNDS/GK[88].GK.KR/MATCH/GCMP[3].MUX at (SLICE_X100Y157): Deleting constraints for instance RNDS/GK[88].GK.KR/MATCH/GCMP[3].MUX from netlist file /home/j/btcser/sha_top.runs/impl_1/sha_top.edf is not allowed. Please remove the constraints from netlist file directly.'
ERROR: [Designutils 20-662] Internal error: 'Cannot place carry chain instance RNDS/GK[91].GK.KR/MATCH/GCMP[7].MUX at (SLICE_X100Y182): Deleting constraints for instance RNDS/GK[91].GK.KR/MATCH/GCMP[7].MUX from netlist file /home/j/btcser/sha_top.runs/impl_1/sha_top.edf is not allowed. Please remove the constraints from netlist file directly.'
ERROR: [Designutils 20-662] Internal error: 'Cannot place carry chain instance RNDS/GK[90].GK.KR/MATCH/GCMP[7].MUX at (SLICE_X100Y174): Deleting constraints for instance RNDS/GK[90].GK.KR/MATCH/GCMP[7].MUX from netlist file /home/j/btcser/sha_top.runs/impl_1/sha_top.edf is not allowed. Please remove the constraints from netlist file directly.'
ERROR: [Designutils 20-662] Internal error: 'Cannot place carry chain instance RNDS/GK[89].GK.KR/MATCH/GCMP[7].MUX at (SLICE_X100Y166): Deleting constraints for instance RNDS/GK[89].GK.KR/MATCH/GCMP[7].MUX from netlist file /home/j/btcser/sha_top.runs/impl_1/sha_top.edf is not allowed. Please remove the constraints from netlist file directly.'
ERROR: [Designutils 20-662] Internal error: 'Cannot place carry chain instance RNDS/GK[88].GK.KR/MATCH/GCMP[7].MUX at (SLICE_X100Y158): Deleting constraints for instance RNDS/GK[88].GK.KR/MATCH/GCMP[7].MUX from netlist file /home/j/btcser/sha_top.runs/impl_1/sha_top.edf is not allowed. Please remove the constraints from netlist file directly.'
ERROR: [Designutils 20-662] Internal error: 'Cannot place carry chain instance RNDS/GK[69].GK.KR/MATCH/GCMP[3].MUX at (SLICE_X100Y5): Deleting constraints for instance RNDS/GK[69].GK.KR/MATCH/GCMP[3].MUX from netlist file /home/j/btcser/sha_top.runs/impl_1/sha_top.edf is not allowed. Please remove the constraints from netlist file directly.'
ERROR: [Designutils 20-662] Internal error: 'Cannot place carry chain instance RNDS/GK[69].GK.KR/MATCH/GCMP[7].MUX at (SLICE_X100Y6): Deleting constraints for instance RNDS/GK[69].GK.KR/MATCH/GCMP[7].MUX from netlist file /home/j/btcser/sha_top.runs/impl_1/sha_top.edf is not allowed. Please remove the constraints from netlist file directly.'
ERROR: [Designutils 20-662] Internal error: 'Cannot place carry chain instance RNDS/GK[1].GK.KR/MATCH/GCMP[3].MUX at (SLICE_X30Y13): Deleting constraints for instance RNDS/GK[1].GK.KR/MATCH/GCMP[3].MUX from netlist file /home/j/btcser/sha_top.runs/impl_1/sha_top.edf is not allowed. Please remove the constraints from netlist file directly.'
ERROR: [Designutils 20-662] Internal error: 'Cannot place carry chain instance RNDS/GK[2].GK.KR/MATCH/GCMP[3].MUX at (SLICE_X30Y21): Deleting constraints for instance RNDS/GK[2].GK.KR/MATCH/GCMP[3].MUX from netlist file /home/j/btcser/sha_top.runs/impl_1/sha_top.edf is not allowed. Please remove the constraints from netlist file directly.'
ERROR: [Designutils 20-662] Internal error: 'Cannot place carry chain instance RNDS/GK[1].GK.KR/MATCH/GCMP[7].MUX at (SLICE_X30Y14): Deleting constraints for instance RNDS/GK[1].GK.KR/MATCH/GCMP[7].MUX from netlist file /home/j/btcser/sha_top.runs/impl_1/sha_top.edf is not allowed. Please remove the constraints from netlist file directly.'
ERROR: [Designutils 20-662] Internal error: 'Cannot place carry chain instance RNDS/GK[3].GK.KR/MATCH/GCMP[7].MUX at (SLICE_X30Y30): Deleting constraints for instance RNDS/GK[3].GK.KR/MATCH/GCMP[7].MUX from netlist file /home/j/btcser/sha_top.runs/impl_1/sha_top.edf is not allowed. Please remove the constraints from netlist file directly.'
ERROR: [Designutils 20-662] Internal error: 'Cannot place carry chain instance RNDS/GK[2].GK.KR/MATCH/GCMP[7].MUX at (SLICE_X30Y22): Deleting constraints for instance RNDS/GK[2].GK.KR/MATCH/GCMP[7].MUX from netlist file /home/j/btcser/sha_top.runs/impl_1/sha_top.edf is not allowed. Please remove the constraints from netlist file directly.'
ERROR: [Designutils 20-662] Internal error: 'Cannot place carry chain instance RNDS/GK[7].GK.KR/MATCH/GCMP[3].MUX at (SLICE_X30Y61): Deleting constraints for instance RNDS/GK[7].GK.KR/MATCH/GCMP[3].MUX from netlist file /home/j/btcser/sha_top.runs/impl_1/sha_top.edf is not allowed. Please remove the constraints from netlist file directly.'
ERROR: [Designutils 20-662] Internal error: 'Cannot place carry chain instance RNDS/GK[6].GK.KR/MATCH/GCMP[3].MUX at (SLICE_X30Y53): Deleting constraints for instance RNDS/GK[6].GK.KR/MATCH/GCMP[3].MUX from netlist file /home/j/btcser/sha_top.runs/impl_1/sha_top.edf is not allowed. Please remove the constraints from netlist file directly.'
ERROR: [Designutils 20-662] Internal error: 'Cannot place carry chain instance RNDS/GK[4].GK.KR/MATCH/GCMP[3].MUX at (SLICE_X30Y37): Deleting constraints for instance RNDS/GK[4].GK.KR/MATCH/GCMP[3].MUX from netlist file /home/j/btcser/sha_top.runs/impl_1/sha_top.edf is not allowed. Please remove the constraints from netlist file directly.'
ERROR: [Designutils 20-662] Internal error: 'Cannot place carry chain instance RNDS/GK[3].GK.KR/MATCH/GCMP[3].MUX at (SLICE_X30Y29): Deleting constraints for instance RNDS/GK[3].GK.KR/MATCH/GCMP[3].MUX from netlist file /home/j/btcser/sha_top.runs/impl_1/sha_top.edf is not allowed. Please remove the constraints from netlist file directly.'
ERROR: [Designutils 20-662] Internal error: 'Cannot place carry chain instance RNDS/GK[5].GK.KR/MATCH/GCMP[3].MUX at (SLICE_X30Y45): Deleting constraints for instance RNDS/GK[5].GK.KR/MATCH/GCMP[3].MUX from netlist file /home/j/btcser/sha_top.runs/impl_1/sha_top.edf is not allowed. Please remove the constraints from netlist file directly.'
ERROR: [Designutils 20-662] Internal error: 'Cannot place carry chain instance RNDS/GK[7].GK.KR/MATCH/GCMP[7].MUX at (SLICE_X30Y62): Deleting constraints for instance RNDS/GK[7].GK.KR/MATCH/GCMP[7].MUX from netlist file /home/j/btcser/sha_top.runs/impl_1/sha_top.edf is not allowed. Please remove the constraints from netlist file directly.'
ERROR: [Designutils 20-662] Internal error: 'Cannot place carry chain instance RNDS/GK[6].GK.KR/MATCH/GCMP[7].MUX at (SLICE_X30Y54): Deleting constraints for instance RNDS/GK[6].GK.KR/MATCH/GCMP[7].MUX from netlist file /home/j/btcser/sha_top.runs/impl_1/sha_top.edf is not allowed. Please remove the constraints from netlist file directly.'
ERROR: [Designutils 20-662] Internal error: 'Cannot place carry chain instance RNDS/GK[8].GK.KR/MATCH/GCMP[7].MUX at (SLICE_X30Y70): Deleting constraints for instance RNDS/GK[8].GK.KR/MATCH/GCMP[7].MUX from netlist file /home/j/btcser/sha_top.runs/impl_1/sha_top.edf is not allowed. Please remove the constraints from netlist file directly.'
ERROR: [Designutils 20-662] Internal error: 'Cannot place carry chain instance RNDS/GK[4].GK.KR/MATCH/GCMP[7].MUX at (SLICE_X30Y38): Deleting constraints for instance RNDS/GK[4].GK.KR/MATCH/GCMP[7].MUX from netlist file /home/j/btcser/sha_top.runs/impl_1/sha_top.edf is not allowed. Please remove the constraints from netlist file directly.'
ERROR: [Designutils 20-662] Internal error: 'Cannot place carry chain instance RNDS/GK[5].GK.KR/MATCH/GCMP[7].MUX at (SLICE_X30Y46): Deleting constraints for instance RNDS/GK[5].GK.KR/MATCH/GCMP[7].MUX from netlist file /home/j/btcser/sha_top.runs/impl_1/sha_top.edf is not allowed. Please remove the constraints from netlist file directly.'
ERROR: [Designutils 20-662] Internal error: 'Cannot place carry chain instance RNDS/GK[10].GK.KR/MATCH/GCMP[3].MUX at (SLICE_X30Y85): Deleting constraints for instance RNDS/GK[10].GK.KR/MATCH/GCMP[3].MUX from netlist file /home/j/btcser/sha_top.runs/impl_1/sha_top.edf is not allowed. Please remove the constraints from netlist file directly.'
ERROR: [Designutils 20-662] Internal error: 'Cannot place carry chain instance RNDS/GK[9].GK.KR/MATCH/GCMP[3].MUX at (SLICE_X30Y77): Deleting constraints for instance RNDS/GK[9].GK.KR/MATCH/GCMP[3].MUX from netlist file /home/j/btcser/sha_top.runs/impl_1/sha_top.edf is not allowed. Please remove the constraints from netlist file directly.'
ERROR: [Designutils 20-662] Internal error: 'Cannot place carry chain instance RNDS/GK[8].GK.KR/MATCH/GCMP[3].MUX at (SLICE_X30Y69): Deleting constraints for instance RNDS/GK[8].GK.KR/MATCH/GCMP[3].MUX from netlist file /home/j/btcser/sha_top.runs/impl_1/sha_top.edf is not allowed. Please remove the constraints from netlist file directly.'
ERROR: [Designutils 20-662] Internal error: 'Cannot place carry chain instance RNDS/GK[11].GK.KR/MATCH/GCMP[3].MUX at (SLICE_X30Y93): Deleting constraints for instance RNDS/GK[11].GK.KR/MATCH/GCMP[3].MUX from netlist file /home/j/btcser/sha_top.runs/impl_1/sha_top.edf is not allowed. Please remove the constraints from netlist file directly.'
ERROR: [Designutils 20-662] Internal error: 'Cannot place carry chain instance RNDS/GK[10].GK.KR/MATCH/GCMP[7].MUX at (SLICE_X30Y86): Deleting constraints for instance RNDS/GK[10].GK.KR/MATCH/GCMP[7].MUX from netlist file /home/j/btcser/sha_top.runs/impl_1/sha_top.edf is not allowed. Please remove the constraints from netlist file directly.'
ERROR: [Designutils 20-662] Internal error: 'Cannot place carry chain instance RNDS/GK[9].GK.KR/MATCH/GCMP[7].MUX at (SLICE_X30Y78): Deleting constraints for instance RNDS/GK[9].GK.KR/MATCH/GCMP[7].MUX from netlist file /home/j/btcser/sha_top.runs/impl_1/sha_top.edf is not allowed. Please remove the constraints from netlist file directly.'
ERROR: [Designutils 20-662] Internal error: 'Cannot place carry chain instance RNDS/GK[11].GK.KR/MATCH/GCMP[7].MUX at (SLICE_X30Y94): Deleting constraints for instance RNDS/GK[11].GK.KR/MATCH/GCMP[7].MUX from netlist file /home/j/btcser/sha_top.runs/impl_1/sha_top.edf is not allowed. Please remove the constraints from netlist file directly.'
ERROR: [Designutils 20-662] Internal error: 'Cannot place carry chain instance RNDS/GK[25].GK.KR/MATCH/GCMP[3].MUX at (SLICE_X40Y25): Deleting constraints for instance RNDS/GK[25].GK.KR/MATCH/GCMP[3].MUX from netlist file /home/j/btcser/sha_top.runs/impl_1/sha_top.edf is not allowed. Please remove the constraints from netlist file directly.'
WARNING: [Common 17-14] Message 'Designutils 20-662' appears 50 times and further instances of the messages will be disabled. Use the Tcl command set_msg_limit to change the current settings.
ERROR: [Designutils 20-662] Internal error: 'Cannot place carry chain instance RNDS/GK[24].GK.KR/MATCH/GCMP[3].MUX at (SLICE_X40Y17): Deleting constraints for instance RNDS/GK[24].GK.KR/MATCH/GCMP[3].MUX from netlist file /home/j/btcser/sha_top.runs/impl_1/sha_top.edf is not allowed. Please remove the constraints from netlist file directly.'
INFO: [Designutils 20-658] Finished Parsing Placement File : /home/j/btcser/sha_top.runs/impl_1/sha_top_routed.xdl
INFO: [Designutils 20-671] Placed 298435 instances
INFO: [Timing 38-71] No path element with name RNDS/LFIN/ShiftRegLoadA_rt found. It will be ignored.
INFO: [Timing 38-71] No path element with name RNDS/RFIN/ClkBufCE_0_rt found. It will be ignored.
INFO: [Timing 38-71] No path element with name SHASPIinst/SHA_MCFIFO_inst/_n0031[16]_rt found. It will be ignored.
INFO: [Timing 38-71] No path element with name SHASPIinst/SHA_MCFIFO_inst/_n0031[37]_rt found. It will be ignored.
INFO: [Timing 38-71] No path element with name SHASPIinst/SHA_MCFIFO_inst/_n0031[17]_rt found. It will be ignored.
INFO: [Timing 38-71] No path element with name SHASPIinst/SHA_MCFIFO_inst/_n0031[34]_rt found. It will be ignored.
INFO: [Timing 38-71] No path element with name SHASPIinst/SHA_MCFIFO_inst/_n0031[19]_rt found. It will be ignored.
INFO: [Timing 38-71] No path element with name SHASPIinst/SHA_MCFIFO_inst/_n0031[32]_rt found. It will be ignored.
INFO: [Timing 38-71] No path element with name SHASPIinst/SHA_MCFIFO_inst/_n0031[36]_rt found. It will be ignored.
INFO: [Timing 38-71] No path element with name SHASPIinst/SHA_MCFIFO_inst/_n0031[35]_rt found. It will be ignored.
INFO: [Project 1-111] Unisim Transformation Summary:
  A total of 753 instances were transformed.
  INV => LUT1: 20 instances
  RAM16X1D => RAM16X1D (RAMD32, RAMD32, GND): 6 instances
  RAM32M => RAM32M (RAMD32, RAMD32, RAMD32, RAMD32, RAMD32, RAMD32, RAMS32, RAMS32): 695 instances
  RAM32X1S => RAM32X1S (RAMS32): 32 instances

Phase 0 | Netlist Checksum: 3d99559f
open_run: Time (s): cpu = 00:05:30 ; elapsed = 00:05:09 . Memory (MB): peak = 3510.656 ; gain = 797.195
ERROR: [Common 17-39] 'open_run' failed due to earlier errors.
exit
INFO: [Common 17-206] Exiting PlanAhead...
INFO: [Common 17-83] Releasing license: PlanAhead
